<?xml version="1.0" encoding="UTF-8"?>
<!-- Generated by org.testng.reporters.JUnitReportReporter -->
<testsuite skipped="0" hostname="DESKTOP-H6AMJEJ" name="org.tesng.ClassB" tests="1" failures="0" timestamp="03 Sep 2020 17:26:52 GMT" time="0.005" errors="0">
  <testcase name="sysout" time="0.005" classname="org.tesng.ClassB"/>
</testsuite> <!-- org.tesng.ClassB -->
