<?xml version="1.0" encoding="UTF-8"?>
<!-- Generated by org.testng.reporters.JUnitReportReporter -->
<testsuite skipped="0" hostname="DESKTOP-H6AMJEJ" name="org.tesng.ClassC" tests="1" failures="0" timestamp="03 Sep 2020 17:26:52 GMT" time="0.001" errors="0">
  <testcase name="sysout" time="0.001" classname="org.tesng.ClassC"/>
</testsuite> <!-- org.tesng.ClassC -->
